Build started 09/04/2014 5:27:31 PM.
     1>Project "C:\Users\Alan Saberi\Documents\Visual Studio 2010\Projects\image7_MOG_trigers\image7\image7\image7.vcxproj" on node 2 (build target(s)).
     1>InitializeBuildStatus:
         Creating "x64\Release\image7.unsuccessfulbuild" because "AlwaysCreate" was specified.
       ClCompile:
         All outputs are up-to-date.
         All outputs are up-to-date.
       Link:
         C:\Program Files (x86)\Microsoft Visual Studio 10.0\VC\bin\x86_amd64\link.exe /ERRORREPORT:PROMPT /OUT:"C:\Users\Alan Saberi\Documents\Visual Studio 2010\Projects\image7_MOG_trigers\image7\x64\Release\image7.exe" /INCREMENTAL:NO /NOLOGO /LIBPATH:C:\opencv\build\x64\vc10\lib /LIBPATH:"C:\Users\Alan Saberi\Documents\Visual Studio 2010\Projects\IR_DemoApp" opencv_calib3d245.lib opencv_contrib245.lib opencv_core245.lib opencv_features2d245.lib opencv_flann245.lib opencv_gpu245.lib opencv_haartraining_engined.lib opencv_highgui245.lib opencv_imgproc245.lib opencv_legacy245.lib opencv_ml245.lib opencv_nonfree245.lib opencv_objdetect245.lib opencv_photo245.lib opencv_stitching245.lib opencv_ts245.lib opencv_video245.lib opencv_videostab245.lib kernel32.lib user32.lib gdi32.lib winspool.lib comdlg32.lib advapi32.lib shell32.lib ole32.lib oleaut32.lib uuid.lib odbc32.lib odbccp32.lib /MANIFEST /ManifestFile:"x64\Release\image7.exe.intermediate.manifest" /MANIFESTUAC:"level='asInvoker' uiAccess='false'" /DEBUG /PDB:"C:\Users\Alan Saberi\Documents\Visual Studio 2010\Projects\image7_MOG_trigers\image7\x64\Release\image7.pdb" /SUBSYSTEM:CONSOLE /OPT:REF /OPT:ICF /LTCG /TLBID:1 /DYNAMICBASE /NXCOMPAT /IMPLIB:"C:\Users\Alan Saberi\Documents\Visual Studio 2010\Projects\image7_MOG_trigers\image7\x64\Release\image7.lib" /MACHINE:X64 x64\Release\currentDateTime.obj
         x64\Release\detectFaceInImage.obj
         x64\Release\image7.obj
         x64\Release\stdafx.obj
         Generating code
         Finished generating code
         image7.vcxproj -> C:\Users\Alan Saberi\Documents\Visual Studio 2010\Projects\image7_MOG_trigers\image7\x64\Release\image7.exe
       Manifest:
         C:\Program Files (x86)\Microsoft SDKs\Windows\v7.0A\bin\mt.exe /nologo /verbose /outputresource:"C:\Users\Alan Saberi\Documents\Visual Studio 2010\Projects\image7_MOG_trigers\image7\x64\Release\image7.exe;#1" /manifest x64\Release\image7.exe.intermediate.manifest
       FinalizeBuildStatus:
         Deleting file "x64\Release\image7.unsuccessfulbuild".
         Touching "x64\Release\image7.lastbuildstate".
     1>Done Building Project "C:\Users\Alan Saberi\Documents\Visual Studio 2010\Projects\image7_MOG_trigers\image7\image7\image7.vcxproj" (build target(s)).

Build succeeded.

Time Elapsed 00:00:02.94
