C:\Users\Alan Saberi\Documents\Visual Studio 2010\Projects\image7_MOG_trigers\image7\image7\x64\Release\cl.command.1.tlog
C:\Users\Alan Saberi\Documents\Visual Studio 2010\Projects\image7_MOG_trigers\image7\image7\x64\Release\CL.read.1.tlog
C:\Users\Alan Saberi\Documents\Visual Studio 2010\Projects\image7_MOG_trigers\image7\image7\x64\Release\CL.write.1.tlog
C:\USERS\ALAN SABERI\DOCUMENTS\VISUAL STUDIO 2010\PROJECTS\IMAGE7_MOG_TRIGERS\IMAGE7\IMAGE7\X64\RELEASE\CURRENTDATETIME.OBJ
C:\USERS\ALAN SABERI\DOCUMENTS\VISUAL STUDIO 2010\PROJECTS\IMAGE7_MOG_TRIGERS\IMAGE7\IMAGE7\X64\RELEASE\DETECTFACEINIMAGE.OBJ
C:\USERS\ALAN SABERI\DOCUMENTS\VISUAL STUDIO 2010\PROJECTS\IMAGE7_MOG_TRIGERS\IMAGE7\IMAGE7\X64\RELEASE\IMAGE7.EXE.INTERMEDIATE.MANIFEST
C:\USERS\ALAN SABERI\DOCUMENTS\VISUAL STUDIO 2010\PROJECTS\IMAGE7_MOG_TRIGERS\IMAGE7\IMAGE7\X64\RELEASE\IMAGE7.OBJ
C:\USERS\ALAN SABERI\DOCUMENTS\VISUAL STUDIO 2010\PROJECTS\IMAGE7_MOG_TRIGERS\IMAGE7\IMAGE7\X64\RELEASE\IMAGE7.PCH
C:\Users\Alan Saberi\Documents\Visual Studio 2010\Projects\image7_MOG_trigers\image7\image7\x64\Release\image7.vcxprojResolveAssemblyReference.cache
C:\Users\Alan Saberi\Documents\Visual Studio 2010\Projects\image7_MOG_trigers\image7\image7\x64\Release\image7.write.1.tlog
C:\Users\Alan Saberi\Documents\Visual Studio 2010\Projects\image7_MOG_trigers\image7\image7\x64\Release\link.command.1.tlog
C:\Users\Alan Saberi\Documents\Visual Studio 2010\Projects\image7_MOG_trigers\image7\image7\x64\Release\link.read.1.tlog
C:\Users\Alan Saberi\Documents\Visual Studio 2010\Projects\image7_MOG_trigers\image7\image7\x64\Release\link.write.1.tlog
C:\Users\Alan Saberi\Documents\Visual Studio 2010\Projects\image7_MOG_trigers\image7\image7\x64\Release\mt.command.1.tlog
C:\Users\Alan Saberi\Documents\Visual Studio 2010\Projects\image7_MOG_trigers\image7\image7\x64\Release\mt.read.1.tlog
C:\Users\Alan Saberi\Documents\Visual Studio 2010\Projects\image7_MOG_trigers\image7\image7\x64\Release\mt.write.1.tlog
C:\USERS\ALAN SABERI\DOCUMENTS\VISUAL STUDIO 2010\PROJECTS\IMAGE7_MOG_TRIGERS\IMAGE7\IMAGE7\X64\RELEASE\STDAFX.OBJ
C:\USERS\ALAN SABERI\DOCUMENTS\VISUAL STUDIO 2010\PROJECTS\IMAGE7_MOG_TRIGERS\IMAGE7\IMAGE7\X64\RELEASE\VC100.PDB
C:\USERS\ALAN SABERI\DOCUMENTS\VISUAL STUDIO 2010\PROJECTS\IMAGE7_MOG_TRIGERS\IMAGE7\X64\RELEASE\IMAGE7.EXE
C:\USERS\ALAN SABERI\DOCUMENTS\VISUAL STUDIO 2010\PROJECTS\IMAGE7_MOG_TRIGERS\IMAGE7\X64\RELEASE\IMAGE7.PDB
